
============= MEMWATCH 2.71 Copyright (C) 1992-1999 Johan Lindh =============

Started at Tue Oct 22 16:08:21 2013

Modes: __STDC__ 64-bit mwDWORD==(unsigned int)
mwROUNDALLOC==8 sizeof(mwData)==56 mwDataSize==56


Stopped at Tue Oct 22 16:08:21 2013


Memory usage statistics (global):
 N)umber of allocations made: 5
 L)argest memory usage      : 960
 T)otal of all alloc() calls: 1240
 U)nfreed bytes totals      : 0

============= MEMWATCH 2.71 Copyright (C) 1992-1999 Johan Lindh =============

Started at Tue Oct 22 16:09:00 2013

Modes: __STDC__ 64-bit mwDWORD==(unsigned int)
mwROUNDALLOC==8 sizeof(mwData)==56 mwDataSize==56


Stopped at Tue Oct 22 16:09:00 2013


Memory usage statistics (global):
 N)umber of allocations made: 5
 L)argest memory usage      : 960
 T)otal of all alloc() calls: 1240
 U)nfreed bytes totals      : 0

============= MEMWATCH 2.71 Copyright (C) 1992-1999 Johan Lindh =============

Started at Tue Oct 22 16:56:17 2013

Modes: __STDC__ 64-bit mwDWORD==(unsigned int)
mwROUNDALLOC==8 sizeof(mwData)==56 mwDataSize==56


Stopped at Tue Oct 22 16:56:17 2013


Memory usage statistics (global):
 N)umber of allocations made: 5
 L)argest memory usage      : 960
 T)otal of all alloc() calls: 1240
 U)nfreed bytes totals      : 0

============= MEMWATCH 2.71 Copyright (C) 1992-1999 Johan Lindh =============

Started at Mon Nov  4 22:26:54 2013

Modes: __STDC__ 64-bit mwDWORD==(unsigned int)
mwROUNDALLOC==8 sizeof(mwData)==56 mwDataSize==56


Stopped at Mon Nov  4 22:26:54 2013


Memory usage statistics (global):
 N)umber of allocations made: 5
 L)argest memory usage      : 960
 T)otal of all alloc() calls: 1240
 U)nfreed bytes totals      : 0

============= MEMWATCH 2.71 Copyright (C) 1992-1999 Johan Lindh =============

Started at Mon Nov  4 22:27:27 2013

Modes: __STDC__ 64-bit mwDWORD==(unsigned int)
mwROUNDALLOC==8 sizeof(mwData)==56 mwDataSize==56


Stopped at Mon Nov  4 22:27:27 2013


Memory usage statistics (global):
 N)umber of allocations made: 5
 L)argest memory usage      : 960
 T)otal of all alloc() calls: 1240
 U)nfreed bytes totals      : 0
